2023-09-21 08:54:22,058 [myid:] - INFO  [main:o.a.z.s.q.QuorumPeerConfig@177] - Reading configuration from: /Users/davidyu/GitHub/apache-kafka-project/apache-zookeeper-3.9.0-bin/bin/../conf/zoo.cfg
2023-09-21 08:54:22,062 [myid:] - WARN  [main:o.a.z.s.u.VerifyingFileFactory@65] - ../data is relative. Prepend ./ to indicate that you're sure!
2023-09-21 08:54:22,063 [myid:] - INFO  [main:o.a.z.s.q.QuorumPeerConfig@440] - clientPortAddress is 0.0.0.0:2181
2023-09-21 08:54:22,065 [myid:] - INFO  [main:o.a.z.s.q.QuorumPeerConfig@444] - secureClientPort is not set
2023-09-21 08:54:22,065 [myid:] - INFO  [main:o.a.z.s.q.QuorumPeerConfig@460] - observerMasterPort is not set
2023-09-21 08:54:22,065 [myid:] - INFO  [main:o.a.z.s.q.QuorumPeerConfig@477] - metricsProvider.className is org.apache.zookeeper.metrics.impl.DefaultMetricsProvider
2023-09-21 08:54:22,068 [myid:] - INFO  [main:o.a.z.s.DatadirCleanupManager@78] - autopurge.snapRetainCount set to 3
2023-09-21 08:54:22,069 [myid:] - INFO  [main:o.a.z.s.DatadirCleanupManager@79] - autopurge.purgeInterval set to 0
2023-09-21 08:54:22,069 [myid:] - INFO  [main:o.a.z.s.DatadirCleanupManager@101] - Purge task is not scheduled.
2023-09-21 08:54:22,069 [myid:] - WARN  [main:o.a.z.s.q.QuorumPeerMain@139] - Either no config or no quorum defined in config, running in standalone mode
2023-09-21 08:54:22,071 [myid:] - INFO  [main:o.a.z.j.ManagedUtil@46] - Log4j 1.2 jmx support not found; jmx disabled.
2023-09-21 08:54:22,071 [myid:] - INFO  [main:o.a.z.s.q.QuorumPeerConfig@177] - Reading configuration from: /Users/davidyu/GitHub/apache-kafka-project/apache-zookeeper-3.9.0-bin/bin/../conf/zoo.cfg
2023-09-21 08:54:22,072 [myid:] - WARN  [main:o.a.z.s.u.VerifyingFileFactory@65] - ../data is relative. Prepend ./ to indicate that you're sure!
2023-09-21 08:54:22,072 [myid:] - INFO  [main:o.a.z.s.q.QuorumPeerConfig@440] - clientPortAddress is 0.0.0.0:2181
2023-09-21 08:54:22,072 [myid:] - INFO  [main:o.a.z.s.q.QuorumPeerConfig@444] - secureClientPort is not set
2023-09-21 08:54:22,072 [myid:] - INFO  [main:o.a.z.s.q.QuorumPeerConfig@460] - observerMasterPort is not set
2023-09-21 08:54:22,072 [myid:] - INFO  [main:o.a.z.s.q.QuorumPeerConfig@477] - metricsProvider.className is org.apache.zookeeper.metrics.impl.DefaultMetricsProvider
2023-09-21 08:54:22,072 [myid:] - INFO  [main:o.a.z.s.ZooKeeperServerMain@123] - Starting server
2023-09-21 08:54:22,086 [myid:] - INFO  [main:o.a.z.s.ServerMetrics@64] - ServerMetrics initialized with provider org.apache.zookeeper.metrics.impl.DefaultMetricsProvider@57a3af25
2023-09-21 08:54:22,091 [myid:] - INFO  [main:o.a.z.s.a.DigestAuthenticationProvider@51] - ACL digest algorithm is: SHA1
2023-09-21 08:54:22,091 [myid:] - INFO  [main:o.a.z.s.a.DigestAuthenticationProvider@65] - zookeeper.DigestAuthenticationProvider.enabled = true
2023-09-21 08:54:22,095 [myid:] - INFO  [main:o.a.z.s.p.FileTxnSnapLog@124] - zookeeper.snapshot.trust.empty : false
2023-09-21 08:54:22,110 [myid:] - INFO  [main:o.a.z.ZookeeperBanner@42] - 
2023-09-21 08:54:22,110 [myid:] - INFO  [main:o.a.z.ZookeeperBanner@42] -   ______                  _                                          
2023-09-21 08:54:22,110 [myid:] - INFO  [main:o.a.z.ZookeeperBanner@42] -  |___  /                 | |                                         
2023-09-21 08:54:22,111 [myid:] - INFO  [main:o.a.z.ZookeeperBanner@42] -     / /    ___     ___   | | __   ___    ___   _ __     ___   _ __   
2023-09-21 08:54:22,111 [myid:] - INFO  [main:o.a.z.ZookeeperBanner@42] -    / /    / _ \   / _ \  | |/ /  / _ \  / _ \ | '_ \   / _ \ | '__|
2023-09-21 08:54:22,111 [myid:] - INFO  [main:o.a.z.ZookeeperBanner@42] -   / /__  | (_) | | (_) | |   <  |  __/ |  __/ | |_) | |  __/ | |    
2023-09-21 08:54:22,111 [myid:] - INFO  [main:o.a.z.ZookeeperBanner@42] -  /_____|  \___/   \___/  |_|\_\  \___|  \___| | .__/   \___| |_|
2023-09-21 08:54:22,111 [myid:] - INFO  [main:o.a.z.ZookeeperBanner@42] -                                               | |                     
2023-09-21 08:54:22,111 [myid:] - INFO  [main:o.a.z.ZookeeperBanner@42] -                                               |_|                     
2023-09-21 08:54:22,111 [myid:] - INFO  [main:o.a.z.ZookeeperBanner@42] - 
2023-09-21 08:54:22,119 [myid:] - INFO  [main:o.a.z.Environment@98] - Server environment:zookeeper.version=3.9.0-1674a5e97f43bc38e9bf56b04f83a7ae34d68249, built on 2023-07-19 09:09 UTC
2023-09-21 08:54:22,119 [myid:] - INFO  [main:o.a.z.Environment@98] - Server environment:host.name=davids-mbp
2023-09-21 08:54:22,119 [myid:] - INFO  [main:o.a.z.Environment@98] - Server environment:java.version=17.0.8
2023-09-21 08:54:22,119 [myid:] - INFO  [main:o.a.z.Environment@98] - Server environment:java.vendor=Oracle Corporation
2023-09-21 08:54:22,119 [myid:] - INFO  [main:o.a.z.Environment@98] - Server environment:java.home=/Library/Java/JavaVirtualMachines/jdk-17.jdk/Contents/Home
2023-09-21 08:54:22,119 [myid:] - INFO  [main:o.a.z.Environment@98] - Server environment:java.class.path=/Users/davidyu/GitHub/apache-kafka-project/apache-zookeeper-3.9.0-bin/bin/../zookeeper-metrics-providers/zookeeper-prometheus-metrics/target/classes:/Users/davidyu/GitHub/apache-kafka-project/apache-zookeeper-3.9.0-bin/bin/../zookeeper-server/target/classes:/Users/davidyu/GitHub/apache-kafka-project/apache-zookeeper-3.9.0-bin/bin/../build/classes:/Users/davidyu/GitHub/apache-kafka-project/apache-zookeeper-3.9.0-bin/bin/../zookeeper-metrics-providers/zookeeper-prometheus-metrics/target/lib/*.jar:/Users/davidyu/GitHub/apache-kafka-project/apache-zookeeper-3.9.0-bin/bin/../zookeeper-server/target/lib/*.jar:/Users/davidyu/GitHub/apache-kafka-project/apache-zookeeper-3.9.0-bin/bin/../build/lib/*.jar:/Users/davidyu/GitHub/apache-kafka-project/apache-zookeeper-3.9.0-bin/bin/../lib/zookeeper-prometheus-metrics-3.9.0.jar:/Users/davidyu/GitHub/apache-kafka-project/apache-zookeeper-3.9.0-bin/bin/../lib/zookeeper-jute-3.9.0.jar:/Users/davidyu/GitHub/apache-kafka-project/apache-zookeeper-3.9.0-bin/bin/../lib/zookeeper-3.9.0.jar:/Users/davidyu/GitHub/apache-kafka-project/apache-zookeeper-3.9.0-bin/bin/../lib/snappy-java-1.1.10.1.jar:/Users/davidyu/GitHub/apache-kafka-project/apache-zookeeper-3.9.0-bin/bin/../lib/slf4j-api-1.7.30.jar:/Users/davidyu/GitHub/apache-kafka-project/apache-zookeeper-3.9.0-bin/bin/../lib/simpleclient_servlet-0.9.0.jar:/Users/davidyu/GitHub/apache-kafka-project/apache-zookeeper-3.9.0-bin/bin/../lib/simpleclient_hotspot-0.9.0.jar:/Users/davidyu/GitHub/apache-kafka-project/apache-zookeeper-3.9.0-bin/bin/../lib/simpleclient_common-0.9.0.jar:/Users/davidyu/GitHub/apache-kafka-project/apache-zookeeper-3.9.0-bin/bin/../lib/simpleclient-0.9.0.jar:/Users/davidyu/GitHub/apache-kafka-project/apache-zookeeper-3.9.0-bin/bin/../lib/netty-transport-native-unix-common-4.1.94.Final.jar:/Users/davidyu/GitHub/apache-kafka-project/apache-zookeeper-3.9.0-bin/bin/../lib/netty-transport-native-epoll-4.1.94.Final-linux-x86_64.jar:/Users/davidyu/GitHub/apache-kafka-project/apache-zookeeper-3.9.0-bin/bin/../lib/netty-transport-classes-epoll-4.1.94.Final.jar:/Users/davidyu/GitHub/apache-kafka-project/apache-zookeeper-3.9.0-bin/bin/../lib/netty-transport-4.1.94.Final.jar:/Users/davidyu/GitHub/apache-kafka-project/apache-zookeeper-3.9.0-bin/bin/../lib/netty-tcnative-classes-2.0.61.Final.jar:/Users/davidyu/GitHub/apache-kafka-project/apache-zookeeper-3.9.0-bin/bin/../lib/netty-tcnative-boringssl-static-2.0.61.Final.jar:/Users/davidyu/GitHub/apache-kafka-project/apache-zookeeper-3.9.0-bin/bin/../lib/netty-tcnative-boringssl-static-2.0.61.Final-windows-x86_64.jar:/Users/davidyu/GitHub/apache-kafka-project/apache-zookeeper-3.9.0-bin/bin/../lib/netty-tcnative-boringssl-static-2.0.61.Final-osx-x86_64.jar:/Users/davidyu/GitHub/apache-kafka-project/apache-zookeeper-3.9.0-bin/bin/../lib/netty-tcnative-boringssl-static-2.0.61.Final-osx-aarch_64.jar:/Users/davidyu/GitHub/apache-kafka-project/apache-zookeeper-3.9.0-bin/bin/../lib/netty-tcnative-boringssl-static-2.0.61.Final-linux-x86_64.jar:/Users/davidyu/GitHub/apache-kafka-project/apache-zookeeper-3.9.0-bin/bin/../lib/netty-tcnative-boringssl-static-2.0.61.Final-linux-aarch_64.jar:/Users/davidyu/GitHub/apache-kafka-project/apache-zookeeper-3.9.0-bin/bin/../lib/netty-resolver-4.1.94.Final.jar:/Users/davidyu/GitHub/apache-kafka-project/apache-zookeeper-3.9.0-bin/bin/../lib/netty-handler-4.1.94.Final.jar:/Users/davidyu/GitHub/apache-kafka-project/apache-zookeeper-3.9.0-bin/bin/../lib/netty-common-4.1.94.Final.jar:/Users/davidyu/GitHub/apache-kafka-project/apache-zookeeper-3.9.0-bin/bin/../lib/netty-codec-4.1.94.Final.jar:/Users/davidyu/GitHub/apache-kafka-project/apache-zookeeper-3.9.0-bin/bin/../lib/netty-buffer-4.1.94.Final.jar:/Users/davidyu/GitHub/apache-kafka-project/apache-zookeeper-3.9.0-bin/bin/../lib/metrics-core-4.1.12.1.jar:/Users/davidyu/GitHub/apache-kafka-project/apache-zookeeper-3.9.0-bin/bin/../lib/logback-core-1.2.10.jar:/Users/davidyu/GitHub/apache-kafka-project/apache-zookeeper-3.9.0-bin/bin/../lib/logback-classic-1.2.10.jar:/Users/davidyu/GitHub/apache-kafka-project/apache-zookeeper-3.9.0-bin/bin/../lib/jline-2.14.6.jar:/Users/davidyu/GitHub/apache-kafka-project/apache-zookeeper-3.9.0-bin/bin/../lib/jetty-util-ajax-9.4.51.v20230217.jar:/Users/davidyu/GitHub/apache-kafka-project/apache-zookeeper-3.9.0-bin/bin/../lib/jetty-util-9.4.51.v20230217.jar:/Users/davidyu/GitHub/apache-kafka-project/apache-zookeeper-3.9.0-bin/bin/../lib/jetty-servlet-9.4.51.v20230217.jar:/Users/davidyu/GitHub/apache-kafka-project/apache-zookeeper-3.9.0-bin/bin/../lib/jetty-server-9.4.51.v20230217.jar:/Users/davidyu/GitHub/apache-kafka-project/apache-zookeeper-3.9.0-bin/bin/../lib/jetty-security-9.4.51.v20230217.jar:/Users/davidyu/GitHub/apache-kafka-project/apache-zookeeper-3.9.0-bin/bin/../lib/jetty-io-9.4.51.v20230217.jar:/Users/davidyu/GitHub/apache-kafka-project/apache-zookeeper-3.9.0-bin/bin/../lib/jetty-http-9.4.51.v20230217.jar:/Users/davidyu/GitHub/apache-kafka-project/apache-zookeeper-3.9.0-bin/bin/../lib/javax.servlet-api-3.1.0.jar:/Users/davidyu/GitHub/apache-kafka-project/apache-zookeeper-3.9.0-bin/bin/../lib/jackson-databind-2.15.2.jar:/Users/davidyu/GitHub/apache-kafka-project/apache-zookeeper-3.9.0-bin/bin/../lib/jackson-core-2.15.2.jar:/Users/davidyu/GitHub/apache-kafka-project/apache-zookeeper-3.9.0-bin/bin/../lib/jackson-annotations-2.15.2.jar:/Users/davidyu/GitHub/apache-kafka-project/apache-zookeeper-3.9.0-bin/bin/../lib/commons-io-2.11.0.jar:/Users/davidyu/GitHub/apache-kafka-project/apache-zookeeper-3.9.0-bin/bin/../lib/commons-cli-1.5.0.jar:/Users/davidyu/GitHub/apache-kafka-project/apache-zookeeper-3.9.0-bin/bin/../lib/audience-annotations-0.12.0.jar:/Users/davidyu/GitHub/apache-kafka-project/apache-zookeeper-3.9.0-bin/bin/../zookeeper-*.jar:/Users/davidyu/GitHub/apache-kafka-project/apache-zookeeper-3.9.0-bin/bin/../zookeeper-server/src/main/resources/lib/*.jar:/Users/davidyu/GitHub/apache-kafka-project/apache-zookeeper-3.9.0-bin/bin/../conf:
2023-09-21 08:54:22,120 [myid:] - INFO  [main:o.a.z.Environment@98] - Server environment:java.library.path=/Users/davidyu/Library/Java/Extensions:/Library/Java/Extensions:/Network/Library/Java/Extensions:/System/Library/Java/Extensions:/usr/lib/java:.
2023-09-21 08:54:22,120 [myid:] - INFO  [main:o.a.z.Environment@98] - Server environment:java.io.tmpdir=/var/folders/8_/cj0j8glx3s9dbh_0lh1_v6b00000gn/T/
2023-09-21 08:54:22,120 [myid:] - INFO  [main:o.a.z.Environment@98] - Server environment:java.compiler=<NA>
2023-09-21 08:54:22,120 [myid:] - INFO  [main:o.a.z.Environment@98] - Server environment:os.name=Mac OS X
2023-09-21 08:54:22,120 [myid:] - INFO  [main:o.a.z.Environment@98] - Server environment:os.arch=x86_64
2023-09-21 08:54:22,120 [myid:] - INFO  [main:o.a.z.Environment@98] - Server environment:os.version=11.7.10
2023-09-21 08:54:22,120 [myid:] - INFO  [main:o.a.z.Environment@98] - Server environment:user.name=davidyu
2023-09-21 08:54:22,120 [myid:] - INFO  [main:o.a.z.Environment@98] - Server environment:user.home=/Users/davidyu
2023-09-21 08:54:22,120 [myid:] - INFO  [main:o.a.z.Environment@98] - Server environment:user.dir=/Users/davidyu/GitHub/apache-kafka-project
2023-09-21 08:54:22,121 [myid:] - INFO  [main:o.a.z.Environment@98] - Server environment:os.memory.free=241MB
2023-09-21 08:54:22,121 [myid:] - INFO  [main:o.a.z.Environment@98] - Server environment:os.memory.max=1000MB
2023-09-21 08:54:22,121 [myid:] - INFO  [main:o.a.z.Environment@98] - Server environment:os.memory.total=258MB
2023-09-21 08:54:22,121 [myid:] - INFO  [main:o.a.z.s.ZooKeeperServer@149] - zookeeper.enableEagerACLCheck = false
2023-09-21 08:54:22,121 [myid:] - INFO  [main:o.a.z.s.ZooKeeperServer@162] - zookeeper.digest.enabled = true
2023-09-21 08:54:22,121 [myid:] - INFO  [main:o.a.z.s.ZooKeeperServer@166] - zookeeper.closeSessionTxn.enabled = true
2023-09-21 08:54:22,121 [myid:] - INFO  [main:o.a.z.s.ZooKeeperServer@2251] - zookeeper.serializeLastProcessedZxid.enabled = true
2023-09-21 08:54:22,121 [myid:] - INFO  [main:o.a.z.s.ZooKeeperServer@1594] - zookeeper.flushDelay = 0 ms
2023-09-21 08:54:22,121 [myid:] - INFO  [main:o.a.z.s.ZooKeeperServer@1603] - zookeeper.maxWriteQueuePollTime = 0 ms
2023-09-21 08:54:22,121 [myid:] - INFO  [main:o.a.z.s.ZooKeeperServer@1612] - zookeeper.maxBatchSize=1000
2023-09-21 08:54:22,121 [myid:] - INFO  [main:o.a.z.s.ZooKeeperServer@287] - zookeeper.intBufferStartingSizeBytes = 1024
2023-09-21 08:54:22,123 [myid:] - INFO  [main:o.a.z.s.BlueThrottle@141] - Weighed connection throttling is disabled
2023-09-21 08:54:22,124 [myid:] - INFO  [main:o.a.z.s.AuthenticationHelper@66] - zookeeper.enforce.auth.enabled = false
2023-09-21 08:54:22,124 [myid:] - INFO  [main:o.a.z.s.AuthenticationHelper@67] - zookeeper.enforce.auth.schemes = []
2023-09-21 08:54:22,125 [myid:] - INFO  [main:o.a.z.s.ZooKeeperServer@1406] - minSessionTimeout set to 4000 ms
2023-09-21 08:54:22,125 [myid:] - INFO  [main:o.a.z.s.ZooKeeperServer@1415] - maxSessionTimeout set to 40000 ms
2023-09-21 08:54:22,126 [myid:] - INFO  [main:o.a.z.s.ResponseCache@45] - getData response cache size is initialized with value 400.
2023-09-21 08:54:22,126 [myid:] - INFO  [main:o.a.z.s.ResponseCache@45] - getChildren response cache size is initialized with value 400.
2023-09-21 08:54:22,127 [myid:] - INFO  [main:o.a.z.s.u.RequestPathMetricsCollector@109] - zookeeper.pathStats.slotCapacity = 60
2023-09-21 08:54:22,128 [myid:] - INFO  [main:o.a.z.s.u.RequestPathMetricsCollector@110] - zookeeper.pathStats.slotDuration = 15
2023-09-21 08:54:22,128 [myid:] - INFO  [main:o.a.z.s.u.RequestPathMetricsCollector@111] - zookeeper.pathStats.maxDepth = 6
2023-09-21 08:54:22,128 [myid:] - INFO  [main:o.a.z.s.u.RequestPathMetricsCollector@112] - zookeeper.pathStats.initialDelay = 5
2023-09-21 08:54:22,128 [myid:] - INFO  [main:o.a.z.s.u.RequestPathMetricsCollector@113] - zookeeper.pathStats.delay = 5
2023-09-21 08:54:22,128 [myid:] - INFO  [main:o.a.z.s.u.RequestPathMetricsCollector@114] - zookeeper.pathStats.enabled = false
2023-09-21 08:54:22,131 [myid:] - INFO  [main:o.a.z.s.ZooKeeperServer@1631] - The max bytes for all large requests are set to 104857600
2023-09-21 08:54:22,132 [myid:] - INFO  [main:o.a.z.s.ZooKeeperServer@1645] - The large request threshold is set to -1
2023-09-21 08:54:22,132 [myid:] - INFO  [main:o.a.z.s.ZooKeeperServer@385] - Created server with tickTime 2000 ms minSessionTimeout 4000 ms maxSessionTimeout 40000 ms clientPortListenBacklog -1 datadir ../data/version-2 snapdir ../data/version-2
2023-09-21 08:54:22,163 [myid:] - INFO  [main:o.e.j.u.l.Log@170] - Logging initialized @970ms to org.eclipse.jetty.util.log.Slf4jLog
2023-09-21 08:54:22,256 [myid:] - WARN  [main:o.e.j.s.h.ContextHandler@1662] - o.e.j.s.ServletContextHandler@7c24b813{/,null,STOPPED} contextPath ends with /*
2023-09-21 08:54:22,256 [myid:] - WARN  [main:o.e.j.s.h.ContextHandler@1673] - Empty contextPath
2023-09-21 08:54:22,284 [myid:] - INFO  [main:o.e.j.s.Server@375] - jetty-9.4.51.v20230217; built: 2023-02-17T08:19:37.309Z; git: b45c405e4544384de066f814ed42ae3dceacdd49; jvm 17.0.8+9-LTS-211
2023-09-21 08:54:22,322 [myid:] - INFO  [main:o.e.j.s.s.DefaultSessionIdManager@334] - DefaultSessionIdManager workerName=node0
2023-09-21 08:54:22,322 [myid:] - INFO  [main:o.e.j.s.s.DefaultSessionIdManager@339] - No SessionScavenger set, using defaults
2023-09-21 08:54:22,323 [myid:] - INFO  [main:o.e.j.s.s.HouseKeeper@132] - node0 Scavenging every 600000ms
2023-09-21 08:54:22,327 [myid:] - WARN  [main:o.e.j.s.ConstraintSecurityHandler@759] - ServletContext@o.e.j.s.ServletContextHandler@7c24b813{/,null,STARTING} has uncovered http methods for path: /*
2023-09-21 08:54:22,342 [myid:] - INFO  [main:o.e.j.s.h.ContextHandler@921] - Started o.e.j.s.ServletContextHandler@7c24b813{/,null,AVAILABLE}
2023-09-21 08:54:22,366 [myid:] - INFO  [main:o.e.j.s.AbstractConnector@333] - Started ServerConnector@74455848{HTTP/1.1, (http/1.1)}{0.0.0.0:8080}
2023-09-21 08:54:22,366 [myid:] - INFO  [main:o.e.j.s.Server@415] - Started @1173ms
2023-09-21 08:54:22,366 [myid:] - INFO  [main:o.a.z.s.a.JettyAdminServer@201] - Started AdminServer on address 0.0.0.0, port 8080 and command URL /commands
2023-09-21 08:54:22,374 [myid:] - INFO  [main:o.a.z.s.ServerCnxnFactory@169] - Using org.apache.zookeeper.server.NIOServerCnxnFactory as server connection factory
2023-09-21 08:54:22,376 [myid:] - WARN  [main:o.a.z.s.ServerCnxnFactory@309] - maxCnxns is not configured, using default value 0.
2023-09-21 08:54:22,378 [myid:] - INFO  [main:o.a.z.s.NIOServerCnxnFactory@652] - Configuring NIO connection handler with 10s sessionless connection timeout, 2 selector thread(s), 16 worker threads, and 64 kB direct buffers.
2023-09-21 08:54:22,379 [myid:] - INFO  [main:o.a.z.s.NIOServerCnxnFactory@660] - binding to port 0.0.0.0/0.0.0.0:2181
2023-09-21 08:54:22,398 [myid:] - INFO  [main:o.a.z.s.w.WatchManagerFactory@42] - Using org.apache.zookeeper.server.watch.WatchManager as watch manager
2023-09-21 08:54:22,398 [myid:] - INFO  [main:o.a.z.s.w.WatchManagerFactory@42] - Using org.apache.zookeeper.server.watch.WatchManager as watch manager
2023-09-21 08:54:22,399 [myid:] - INFO  [main:o.a.z.s.ZKDatabase@135] - zookeeper.snapshotSizeFactor = 0.33
2023-09-21 08:54:22,399 [myid:] - INFO  [main:o.a.z.s.ZKDatabase@155] - zookeeper.commitLogCount=500
2023-09-21 08:54:22,408 [myid:] - INFO  [main:o.a.z.s.p.SnapStream@61] - zookeeper.snapshot.compression.method = CHECKED
2023-09-21 08:54:22,408 [myid:] - INFO  [main:o.a.z.s.p.FileTxnSnapLog@480] - Snapshotting: 0x0 to ../data/version-2/snapshot.0
2023-09-21 08:54:22,412 [myid:] - INFO  [main:o.a.z.s.ZKDatabase@292] - Snapshot loaded in 13 ms, highest zxid is 0x0, digest is 1371985504
2023-09-21 08:54:22,413 [myid:] - INFO  [main:o.a.z.s.p.FileTxnSnapLog@480] - Snapshotting: 0x0 to ../data/version-2/snapshot.0
2023-09-21 08:54:22,414 [myid:] - INFO  [main:o.a.z.s.ZooKeeperServer@589] - Snapshot taken in 1 ms
2023-09-21 08:54:22,424 [myid:] - INFO  [main:o.a.z.s.RequestThrottler@75] - zookeeper.request_throttler.shutdownTimeout = 10000 ms
2023-09-21 08:54:22,424 [myid:] - INFO  [ProcessThread(sid:0 cport:2181)::o.a.z.s.PrepRequestProcessor@138] - PrepRequestProcessor (sid:0) started, reconfigEnabled=false
2023-09-21 08:54:22,440 [myid:] - INFO  [main:o.a.z.s.ContainerManager@83] - Using checkIntervalMs=60000 maxPerMinute=10000 maxNeverUsedIntervalMs=0
2023-09-21 08:54:22,441 [myid:] - INFO  [main:o.a.z.a.ZKAuditProvider@42] - ZooKeeper audit is disabled.
2023-09-21 08:59:13,131 [myid:] - INFO  [SyncThread:0:o.a.z.s.p.FileTxnLog@284] - Creating new log file: log.1
